<?xml version="1.0" encoding="UTF-8"?>
<!-- Generated by org.testng.reporters.JUnitReportReporter -->
<testsuite hostname="SSTINDIA" failures="0" tests="2" name="Tests.Searchproduct" time="55.915" errors="0" timestamp="2024-01-10T11:01:01 IST" skipped="0">
  <testcase classname="Tests.Searchproduct" name="ProductSearchandFilter" time="26.980"/>
  <testcase classname="Tests.Searchproduct" name="AddingandRemovingItemsfromtheShoppingCart" time="28.935"/>
</testsuite> <!-- Tests.Searchproduct -->
