<?xml version="1.0" encoding="UTF-8"?>
<!-- Generated by org.testng.reporters.JUnitReportReporter -->
<testsuite hostname="SSTINDIA" failures="0" tests="2" name="Tests.Searchproduct" time="46.345" errors="0" timestamp="2024-01-10T11:35:53 IST" skipped="0">
  <testcase classname="Tests.Searchproduct" name="ProductSearchandFilter" time="20.810"/>
  <testcase classname="Tests.Searchproduct" name="AddingandRemovingItemsfromtheShoppingCart" time="25.535"/>
</testsuite> <!-- Tests.Searchproduct -->
