<?xml version="1.0" encoding="UTF-8"?>
<!-- Generated by org.testng.reporters.JUnitReportReporter -->
<testsuite hostname="SSTINDIA" failures="0" tests="2" name="Tests.Searchproduct" time="40.246" errors="0" timestamp="2024-01-10T14:25:02 IST" skipped="0">
  <testcase classname="Tests.Searchproduct" name="ProductSearchandFilter" time="14.367"/>
  <testcase classname="Tests.Searchproduct" name="AddingandRemovingItemsfromtheShoppingCart" time="25.879"/>
</testsuite> <!-- Tests.Searchproduct -->
